1:C 08 Jul 16:24:36.692 # oO0OoO0OoO0Oo Redis is starting oO0OoO0OoO0Oo
1:C 08 Jul 16:24:36.696 # Redis version=4.0.14, bits=64, commit=00000000, modified=0, pid=1, just started
1:C 08 Jul 16:24:36.699 # Configuration loaded
                _._                                                  
           _.-``__ ''-._                                             
      _.-``    `.  `_.  ''-._           Redis 4.0.14 (00000000/0) 64 bit
  .-`` .-```.  ```\/    _.,_ ''-._                                   
 (    '      ,       .-`  | `,    )     Running in standalone mode
 |`-._`-...-` __...-.``-._|'` _.-'|     Port: 6379
 |    `-._   `._    /     _.-'    |     PID: 1
  `-._    `-._  `-./  _.-'    _.-'                                   
 |`-._`-._    `-.__.-'    _.-'_.-'|                                  
 |    `-._`-._        _.-'_.-'    |           http://redis.io        
  `-._    `-._`-.__.-'_.-'    _.-'                                   
 |`-._`-._    `-.__.-'    _.-'_.-'|                                  
 |    `-._`-._        _.-'_.-'    |                                  
  `-._    `-._`-.__.-'_.-'    _.-'                                   
      `-._    `-.__.-'    _.-'                                       
          `-._        _.-'                                           
              `-.__.-'                                               

1:M 08 Jul 16:24:36.706 # Server initialized
1:M 08 Jul 16:24:36.709 # WARNING you have Transparent Huge Pages (THP) support enabled in your kernel. This will create latency and memory usage issues with Redis. To fix this issue run the command 'echo never > /sys/kernel/mm/transparent_hugepage/enabled' as root, and add it to your /etc/rc.local in order to retain the setting after a reboot. Redis must be restarted after THP is disabled.
1:M 08 Jul 16:24:36.711 * Ready to accept connections
1:signal-handler (1625732755) Received SIGTERM scheduling shutdown...
1:M 08 Jul 16:25:55.163 # User requested shutdown...
1:M 08 Jul 16:25:55.166 * Saving the final RDB snapshot before exiting.
1:M 08 Jul 16:25:55.173 * DB saved on disk
1:M 08 Jul 16:25:55.175 * Removing the pid file.
1:M 08 Jul 16:25:55.177 # Redis is now ready to exit, bye bye...
1:C 08 Jul 2021 16:51:51.954 # oO0OoO0OoO0Oo Redis is starting oO0OoO0OoO0Oo
1:C 08 Jul 2021 16:51:51.956 # Redis version=5.0.3, bits=64, commit=00000000, modified=0, pid=1, just started
1:C 08 Jul 2021 16:51:51.957 # Configuration loaded
                _._                                                  
           _.-``__ ''-._                                             
      _.-``    `.  `_.  ''-._           Redis 5.0.3 (00000000/0) 64 bit
  .-`` .-```.  ```\/    _.,_ ''-._                                   
 (    '      ,       .-`  | `,    )     Running in standalone mode
 |`-._`-...-` __...-.``-._|'` _.-'|     Port: 6379
 |    `-._   `._    /     _.-'    |     PID: 1
  `-._    `-._  `-./  _.-'    _.-'                                   
 |`-._`-._    `-.__.-'    _.-'_.-'|                                  
 |    `-._`-._        _.-'_.-'    |           http://redis.io        
  `-._    `-._`-.__.-'_.-'    _.-'                                   
 |`-._`-._    `-.__.-'    _.-'_.-'|                                  
 |    `-._`-._        _.-'_.-'    |                                  
  `-._    `-._`-.__.-'_.-'    _.-'                                   
      `-._    `-.__.-'    _.-'                                       
          `-._        _.-'                                           
              `-.__.-'                                               

1:M 08 Jul 2021 16:51:51.962 # Server initialized
1:M 08 Jul 2021 16:51:51.963 # WARNING you have Transparent Huge Pages (THP) support enabled in your kernel. This will create latency and memory usage issues with Redis. To fix this issue run the command 'echo never > /sys/kernel/mm/transparent_hugepage/enabled' as root, and add it to your /etc/rc.local in order to retain the setting after a reboot. Redis must be restarted after THP is disabled.
1:M 08 Jul 2021 16:51:51.966 * DB loaded from disk: 0.001 seconds
1:M 08 Jul 2021 16:51:51.968 * Ready to accept connections
1:signal-handler (1625734433) Received SIGTERM scheduling shutdown...
1:M 08 Jul 2021 16:53:53.407 # User requested shutdown...
1:M 08 Jul 2021 16:53:53.408 * Saving the final RDB snapshot before exiting.
1:M 08 Jul 2021 16:53:53.418 * DB saved on disk
1:M 08 Jul 2021 16:53:53.420 * Removing the pid file.
1:M 08 Jul 2021 16:53:53.421 # Redis is now ready to exit, bye bye...
1:C 08 Jul 2021 16:56:44.634 # oO0OoO0OoO0Oo Redis is starting oO0OoO0OoO0Oo
1:C 08 Jul 2021 16:56:44.636 # Redis version=5.0.3, bits=64, commit=00000000, modified=0, pid=1, just started
1:C 08 Jul 2021 16:56:44.637 # Configuration loaded
                _._                                                  
           _.-``__ ''-._                                             
      _.-``    `.  `_.  ''-._           Redis 5.0.3 (00000000/0) 64 bit
  .-`` .-```.  ```\/    _.,_ ''-._                                   
 (    '      ,       .-`  | `,    )     Running in standalone mode
 |`-._`-...-` __...-.``-._|'` _.-'|     Port: 6379
 |    `-._   `._    /     _.-'    |     PID: 1
  `-._    `-._  `-./  _.-'    _.-'                                   
 |`-._`-._    `-.__.-'    _.-'_.-'|                                  
 |    `-._`-._        _.-'_.-'    |           http://redis.io        
  `-._    `-._`-.__.-'_.-'    _.-'                                   
 |`-._`-._    `-.__.-'    _.-'_.-'|                                  
 |    `-._`-._        _.-'_.-'    |                                  
  `-._    `-._`-.__.-'_.-'    _.-'                                   
      `-._    `-.__.-'    _.-'                                       
          `-._        _.-'                                           
              `-.__.-'                                               

1:M 08 Jul 2021 16:56:44.646 # Server initialized
1:M 08 Jul 2021 16:56:44.647 # WARNING you have Transparent Huge Pages (THP) support enabled in your kernel. This will create latency and memory usage issues with Redis. To fix this issue run the command 'echo never > /sys/kernel/mm/transparent_hugepage/enabled' as root, and add it to your /etc/rc.local in order to retain the setting after a reboot. Redis must be restarted after THP is disabled.
1:M 08 Jul 2021 16:56:44.651 * DB loaded from disk: 0.002 seconds
1:M 08 Jul 2021 16:56:44.653 * Ready to accept connections
1:C 08 Jul 2021 17:03:11.836 # oO0OoO0OoO0Oo Redis is starting oO0OoO0OoO0Oo
1:C 08 Jul 2021 17:03:11.842 # Redis version=5.0.3, bits=64, commit=00000000, modified=0, pid=1, just started
1:C 08 Jul 2021 17:03:11.845 # Configuration loaded
                _._                                                  
           _.-``__ ''-._                                             
      _.-``    `.  `_.  ''-._           Redis 5.0.3 (00000000/0) 64 bit
  .-`` .-```.  ```\/    _.,_ ''-._                                   
 (    '      ,       .-`  | `,    )     Running in standalone mode
 |`-._`-...-` __...-.``-._|'` _.-'|     Port: 6379
 |    `-._   `._    /     _.-'    |     PID: 1
  `-._    `-._  `-./  _.-'    _.-'                                   
 |`-._`-._    `-.__.-'    _.-'_.-'|                                  
 |    `-._`-._        _.-'_.-'    |           http://redis.io        
  `-._    `-._`-.__.-'_.-'    _.-'                                   
 |`-._`-._    `-.__.-'    _.-'_.-'|                                  
 |    `-._`-._        _.-'_.-'    |                                  
  `-._    `-._`-.__.-'_.-'    _.-'                                   
      `-._    `-.__.-'    _.-'                                       
          `-._        _.-'                                           
              `-.__.-'                                               

1:M 08 Jul 2021 17:03:11.850 # Server initialized
1:M 08 Jul 2021 17:03:11.852 # WARNING you have Transparent Huge Pages (THP) support enabled in your kernel. This will create latency and memory usage issues with Redis. To fix this issue run the command 'echo never > /sys/kernel/mm/transparent_hugepage/enabled' as root, and add it to your /etc/rc.local in order to retain the setting after a reboot. Redis must be restarted after THP is disabled.
1:M 08 Jul 2021 17:03:11.857 * DB loaded from disk: 0.002 seconds
1:M 08 Jul 2021 17:03:11.859 * Ready to accept connections
1:signal-handler (1625735131) Received SIGTERM scheduling shutdown...
1:M 08 Jul 2021 17:05:31.701 # User requested shutdown...
1:M 08 Jul 2021 17:05:31.704 * Saving the final RDB snapshot before exiting.
1:M 08 Jul 2021 17:05:31.716 * DB saved on disk
1:M 08 Jul 2021 17:05:31.723 * Removing the pid file.
1:M 08 Jul 2021 17:05:31.726 # Redis is now ready to exit, bye bye...
1:C 08 Jul 2021 17:07:34.840 # oO0OoO0OoO0Oo Redis is starting oO0OoO0OoO0Oo
1:C 08 Jul 2021 17:07:34.842 # Redis version=5.0.3, bits=64, commit=00000000, modified=0, pid=1, just started
1:C 08 Jul 2021 17:07:34.844 # Configuration loaded
                _._                                                  
           _.-``__ ''-._                                             
      _.-``    `.  `_.  ''-._           Redis 5.0.3 (00000000/0) 64 bit
  .-`` .-```.  ```\/    _.,_ ''-._                                   
 (    '      ,       .-`  | `,    )     Running in standalone mode
 |`-._`-...-` __...-.``-._|'` _.-'|     Port: 6379
 |    `-._   `._    /     _.-'    |     PID: 1
  `-._    `-._  `-./  _.-'    _.-'                                   
 |`-._`-._    `-.__.-'    _.-'_.-'|                                  
 |    `-._`-._        _.-'_.-'    |           http://redis.io        
  `-._    `-._`-.__.-'_.-'    _.-'                                   
 |`-._`-._    `-.__.-'    _.-'_.-'|                                  
 |    `-._`-._        _.-'_.-'    |                                  
  `-._    `-._`-.__.-'_.-'    _.-'                                   
      `-._    `-.__.-'    _.-'                                       
          `-._        _.-'                                           
              `-.__.-'                                               

1:M 08 Jul 2021 17:07:34.850 # Server initialized
1:M 08 Jul 2021 17:07:34.851 # WARNING you have Transparent Huge Pages (THP) support enabled in your kernel. This will create latency and memory usage issues with Redis. To fix this issue run the command 'echo never > /sys/kernel/mm/transparent_hugepage/enabled' as root, and add it to your /etc/rc.local in order to retain the setting after a reboot. Redis must be restarted after THP is disabled.
1:M 08 Jul 2021 17:07:34.855 * DB loaded from disk: 0.002 seconds
1:M 08 Jul 2021 17:07:34.857 * Ready to accept connections
1:signal-handler (1625735339) Received SIGTERM scheduling shutdown...
1:M 08 Jul 2021 17:08:59.785 # User requested shutdown...
1:M 08 Jul 2021 17:08:59.787 * Saving the final RDB snapshot before exiting.
1:M 08 Jul 2021 17:08:59.794 * DB saved on disk
1:M 08 Jul 2021 17:08:59.796 * Removing the pid file.
1:M 08 Jul 2021 17:08:59.797 # Redis is now ready to exit, bye bye...
1:C 08 Jul 2021 17:09:44.085 # oO0OoO0OoO0Oo Redis is starting oO0OoO0OoO0Oo
1:C 08 Jul 2021 17:09:44.088 # Redis version=5.0.3, bits=64, commit=00000000, modified=0, pid=1, just started
1:C 08 Jul 2021 17:09:44.099 # Configuration loaded
                _._                                                  
           _.-``__ ''-._                                             
      _.-``    `.  `_.  ''-._           Redis 5.0.3 (00000000/0) 64 bit
  .-`` .-```.  ```\/    _.,_ ''-._                                   
 (    '      ,       .-`  | `,    )     Running in standalone mode
 |`-._`-...-` __...-.``-._|'` _.-'|     Port: 6379
 |    `-._   `._    /     _.-'    |     PID: 1
  `-._    `-._  `-./  _.-'    _.-'                                   
 |`-._`-._    `-.__.-'    _.-'_.-'|                                  
 |    `-._`-._        _.-'_.-'    |           http://redis.io        
  `-._    `-._`-.__.-'_.-'    _.-'                                   
 |`-._`-._    `-.__.-'    _.-'_.-'|                                  
 |    `-._`-._        _.-'_.-'    |                                  
  `-._    `-._`-.__.-'_.-'    _.-'                                   
      `-._    `-.__.-'    _.-'                                       
          `-._        _.-'                                           
              `-.__.-'                                               

1:M 08 Jul 2021 17:09:44.104 # Server initialized
1:M 08 Jul 2021 17:09:44.105 # WARNING you have Transparent Huge Pages (THP) support enabled in your kernel. This will create latency and memory usage issues with Redis. To fix this issue run the command 'echo never > /sys/kernel/mm/transparent_hugepage/enabled' as root, and add it to your /etc/rc.local in order to retain the setting after a reboot. Redis must be restarted after THP is disabled.
1:M 08 Jul 2021 17:09:44.108 * DB loaded from disk: 0.001 seconds
1:M 08 Jul 2021 17:09:44.109 * Ready to accept connections
1:signal-handler (1625735432) Received SIGTERM scheduling shutdown...
1:M 08 Jul 2021 17:10:32.412 # User requested shutdown...
1:M 08 Jul 2021 17:10:32.414 * Saving the final RDB snapshot before exiting.
1:M 08 Jul 2021 17:10:32.423 * DB saved on disk
1:M 08 Jul 2021 17:10:32.425 * Removing the pid file.
1:M 08 Jul 2021 17:10:32.427 # Redis is now ready to exit, bye bye...
1:C 08 Jul 2021 17:11:48.021 # oO0OoO0OoO0Oo Redis is starting oO0OoO0OoO0Oo
1:C 08 Jul 2021 17:11:48.022 # Redis version=5.0.3, bits=64, commit=00000000, modified=0, pid=1, just started
1:C 08 Jul 2021 17:11:48.024 # Configuration loaded
                _._                                                  
           _.-``__ ''-._                                             
      _.-``    `.  `_.  ''-._           Redis 5.0.3 (00000000/0) 64 bit
  .-`` .-```.  ```\/    _.,_ ''-._                                   
 (    '      ,       .-`  | `,    )     Running in standalone mode
 |`-._`-...-` __...-.``-._|'` _.-'|     Port: 6379
 |    `-._   `._    /     _.-'    |     PID: 1
  `-._    `-._  `-./  _.-'    _.-'                                   
 |`-._`-._    `-.__.-'    _.-'_.-'|                                  
 |    `-._`-._        _.-'_.-'    |           http://redis.io        
  `-._    `-._`-.__.-'_.-'    _.-'                                   
 |`-._`-._    `-.__.-'    _.-'_.-'|                                  
 |    `-._`-._        _.-'_.-'    |                                  
  `-._    `-._`-.__.-'_.-'    _.-'                                   
      `-._    `-.__.-'    _.-'                                       
          `-._        _.-'                                           
              `-.__.-'                                               

1:M 08 Jul 2021 17:11:48.029 # Server initialized
1:M 08 Jul 2021 17:11:48.031 # WARNING you have Transparent Huge Pages (THP) support enabled in your kernel. This will create latency and memory usage issues with Redis. To fix this issue run the command 'echo never > /sys/kernel/mm/transparent_hugepage/enabled' as root, and add it to your /etc/rc.local in order to retain the setting after a reboot. Redis must be restarted after THP is disabled.
1:M 08 Jul 2021 17:11:48.037 * DB loaded from disk: 0.003 seconds
1:M 08 Jul 2021 17:11:48.042 * Ready to accept connections
1:signal-handler (1625735602) Received SIGTERM scheduling shutdown...
1:M 08 Jul 2021 17:13:22.435 # User requested shutdown...
1:M 08 Jul 2021 17:13:22.440 * Saving the final RDB snapshot before exiting.
1:M 08 Jul 2021 17:13:22.447 * DB saved on disk
1:M 08 Jul 2021 17:13:22.449 * Removing the pid file.
1:M 08 Jul 2021 17:13:22.450 # Redis is now ready to exit, bye bye...
1:C 08 Jul 2021 17:14:06.603 # oO0OoO0OoO0Oo Redis is starting oO0OoO0OoO0Oo
1:C 08 Jul 2021 17:14:06.605 # Redis version=5.0.3, bits=64, commit=00000000, modified=0, pid=1, just started
1:C 08 Jul 2021 17:14:06.607 # Configuration loaded
                _._                                                  
           _.-``__ ''-._                                             
      _.-``    `.  `_.  ''-._           Redis 5.0.3 (00000000/0) 64 bit
  .-`` .-```.  ```\/    _.,_ ''-._                                   
 (    '      ,       .-`  | `,    )     Running in standalone mode
 |`-._`-...-` __...-.``-._|'` _.-'|     Port: 6379
 |    `-._   `._    /     _.-'    |     PID: 1
  `-._    `-._  `-./  _.-'    _.-'                                   
 |`-._`-._    `-.__.-'    _.-'_.-'|                                  
 |    `-._`-._        _.-'_.-'    |           http://redis.io        
  `-._    `-._`-.__.-'_.-'    _.-'                                   
 |`-._`-._    `-.__.-'    _.-'_.-'|                                  
 |    `-._`-._        _.-'_.-'    |                                  
  `-._    `-._`-.__.-'_.-'    _.-'                                   
      `-._    `-.__.-'    _.-'                                       
          `-._        _.-'                                           
              `-.__.-'                                               

1:M 08 Jul 2021 17:14:06.617 # Server initialized
1:M 08 Jul 2021 17:14:06.618 # WARNING you have Transparent Huge Pages (THP) support enabled in your kernel. This will create latency and memory usage issues with Redis. To fix this issue run the command 'echo never > /sys/kernel/mm/transparent_hugepage/enabled' as root, and add it to your /etc/rc.local in order to retain the setting after a reboot. Redis must be restarted after THP is disabled.
1:M 08 Jul 2021 17:14:06.622 * DB loaded from disk: 0.002 seconds
1:M 08 Jul 2021 17:14:06.624 * Ready to accept connections
1:signal-handler (1625735828) Received SIGTERM scheduling shutdown...
1:M 08 Jul 2021 17:17:08.128 # User requested shutdown...
1:M 08 Jul 2021 17:17:08.130 * Saving the final RDB snapshot before exiting.
1:M 08 Jul 2021 17:17:08.136 * DB saved on disk
1:M 08 Jul 2021 17:17:08.138 * Removing the pid file.
1:M 08 Jul 2021 17:17:08.139 # Redis is now ready to exit, bye bye...
1:C 08 Jul 2021 17:18:57.436 # oO0OoO0OoO0Oo Redis is starting oO0OoO0OoO0Oo
1:C 08 Jul 2021 17:18:57.438 # Redis version=5.0.3, bits=64, commit=00000000, modified=0, pid=1, just started
1:C 08 Jul 2021 17:18:57.440 # Configuration loaded
                _._                                                  
           _.-``__ ''-._                                             
      _.-``    `.  `_.  ''-._           Redis 5.0.3 (00000000/0) 64 bit
  .-`` .-```.  ```\/    _.,_ ''-._                                   
 (    '      ,       .-`  | `,    )     Running in standalone mode
 |`-._`-...-` __...-.``-._|'` _.-'|     Port: 6379
 |    `-._   `._    /     _.-'    |     PID: 1
  `-._    `-._  `-./  _.-'    _.-'                                   
 |`-._`-._    `-.__.-'    _.-'_.-'|                                  
 |    `-._`-._        _.-'_.-'    |           http://redis.io        
  `-._    `-._`-.__.-'_.-'    _.-'                                   
 |`-._`-._    `-.__.-'    _.-'_.-'|                                  
 |    `-._`-._        _.-'_.-'    |                                  
  `-._    `-._`-.__.-'_.-'    _.-'                                   
      `-._    `-.__.-'    _.-'                                       
          `-._        _.-'                                           
              `-.__.-'                                               

1:M 08 Jul 2021 17:18:57.447 # Server initialized
1:M 08 Jul 2021 17:18:57.449 # WARNING you have Transparent Huge Pages (THP) support enabled in your kernel. This will create latency and memory usage issues with Redis. To fix this issue run the command 'echo never > /sys/kernel/mm/transparent_hugepage/enabled' as root, and add it to your /etc/rc.local in order to retain the setting after a reboot. Redis must be restarted after THP is disabled.
1:M 08 Jul 2021 17:18:57.452 * DB loaded from disk: 0.001 seconds
1:M 08 Jul 2021 17:18:57.453 * Ready to accept connections
1:signal-handler (1625736071) Received SIGTERM scheduling shutdown...
1:M 08 Jul 2021 17:21:11.063 # User requested shutdown...
1:M 08 Jul 2021 17:21:11.065 * Saving the final RDB snapshot before exiting.
1:M 08 Jul 2021 17:21:11.072 * DB saved on disk
1:M 08 Jul 2021 17:21:11.073 * Removing the pid file.
1:M 08 Jul 2021 17:21:11.075 # Redis is now ready to exit, bye bye...
1:C 08 Jul 2021 17:21:14.680 # oO0OoO0OoO0Oo Redis is starting oO0OoO0OoO0Oo
1:C 08 Jul 2021 17:21:14.682 # Redis version=5.0.3, bits=64, commit=00000000, modified=0, pid=1, just started
1:C 08 Jul 2021 17:21:14.683 # Configuration loaded
                _._                                                  
           _.-``__ ''-._                                             
      _.-``    `.  `_.  ''-._           Redis 5.0.3 (00000000/0) 64 bit
  .-`` .-```.  ```\/    _.,_ ''-._                                   
 (    '      ,       .-`  | `,    )     Running in standalone mode
 |`-._`-...-` __...-.``-._|'` _.-'|     Port: 6379
 |    `-._   `._    /     _.-'    |     PID: 1
  `-._    `-._  `-./  _.-'    _.-'                                   
 |`-._`-._    `-.__.-'    _.-'_.-'|                                  
 |    `-._`-._        _.-'_.-'    |           http://redis.io        
  `-._    `-._`-.__.-'_.-'    _.-'                                   
 |`-._`-._    `-.__.-'    _.-'_.-'|                                  
 |    `-._`-._        _.-'_.-'    |                                  
  `-._    `-._`-.__.-'_.-'    _.-'                                   
      `-._    `-.__.-'    _.-'                                       
          `-._        _.-'                                           
              `-.__.-'                                               

1:M 08 Jul 2021 17:21:14.688 # Server initialized
1:M 08 Jul 2021 17:21:14.692 # WARNING you have Transparent Huge Pages (THP) support enabled in your kernel. This will create latency and memory usage issues with Redis. To fix this issue run the command 'echo never > /sys/kernel/mm/transparent_hugepage/enabled' as root, and add it to your /etc/rc.local in order to retain the setting after a reboot. Redis must be restarted after THP is disabled.
1:M 08 Jul 2021 17:21:14.696 * DB loaded from disk: 0.002 seconds
1:M 08 Jul 2021 17:21:14.698 * Ready to accept connections
1:signal-handler (1625736515) Received SIGTERM scheduling shutdown...
1:M 08 Jul 2021 17:28:35.691 # User requested shutdown...
1:M 08 Jul 2021 17:28:35.694 * Saving the final RDB snapshot before exiting.
1:M 08 Jul 2021 17:28:35.708 * DB saved on disk
1:M 08 Jul 2021 17:28:35.711 * Removing the pid file.
1:M 08 Jul 2021 17:28:35.714 # Redis is now ready to exit, bye bye...
1:C 08 Jul 2021 17:29:16.056 # oO0OoO0OoO0Oo Redis is starting oO0OoO0OoO0Oo
1:C 08 Jul 2021 17:29:16.057 # Redis version=5.0.3, bits=64, commit=00000000, modified=0, pid=1, just started
1:C 08 Jul 2021 17:29:16.059 # Configuration loaded
                _._                                                  
           _.-``__ ''-._                                             
      _.-``    `.  `_.  ''-._           Redis 5.0.3 (00000000/0) 64 bit
  .-`` .-```.  ```\/    _.,_ ''-._                                   
 (    '      ,       .-`  | `,    )     Running in standalone mode
 |`-._`-...-` __...-.``-._|'` _.-'|     Port: 6379
 |    `-._   `._    /     _.-'    |     PID: 1
  `-._    `-._  `-./  _.-'    _.-'                                   
 |`-._`-._    `-.__.-'    _.-'_.-'|                                  
 |    `-._`-._        _.-'_.-'    |           http://redis.io        
  `-._    `-._`-.__.-'_.-'    _.-'                                   
 |`-._`-._    `-.__.-'    _.-'_.-'|                                  
 |    `-._`-._        _.-'_.-'    |                                  
  `-._    `-._`-.__.-'_.-'    _.-'                                   
      `-._    `-.__.-'    _.-'                                       
          `-._        _.-'                                           
              `-.__.-'                                               

1:M 08 Jul 2021 17:29:16.065 # Server initialized
1:M 08 Jul 2021 17:29:16.066 # WARNING you have Transparent Huge Pages (THP) support enabled in your kernel. This will create latency and memory usage issues with Redis. To fix this issue run the command 'echo never > /sys/kernel/mm/transparent_hugepage/enabled' as root, and add it to your /etc/rc.local in order to retain the setting after a reboot. Redis must be restarted after THP is disabled.
1:M 08 Jul 2021 17:29:16.069 * DB loaded from disk: 0.002 seconds
1:M 08 Jul 2021 17:29:16.072 * Ready to accept connections
1:signal-handler (1625736654) Received SIGTERM scheduling shutdown...
1:M 08 Jul 2021 17:30:54.756 # User requested shutdown...
1:M 08 Jul 2021 17:30:54.757 * Saving the final RDB snapshot before exiting.
1:M 08 Jul 2021 17:30:54.764 * DB saved on disk
1:M 08 Jul 2021 17:30:54.765 * Removing the pid file.
1:M 08 Jul 2021 17:30:54.767 # Redis is now ready to exit, bye bye...
1:C 08 Jul 2021 17:31:59.464 # oO0OoO0OoO0Oo Redis is starting oO0OoO0OoO0Oo
1:C 08 Jul 2021 17:31:59.465 # Redis version=5.0.3, bits=64, commit=00000000, modified=0, pid=1, just started
1:C 08 Jul 2021 17:31:59.467 # Configuration loaded
                _._                                                  
           _.-``__ ''-._                                             
      _.-``    `.  `_.  ''-._           Redis 5.0.3 (00000000/0) 64 bit
  .-`` .-```.  ```\/    _.,_ ''-._                                   
 (    '      ,       .-`  | `,    )     Running in standalone mode
 |`-._`-...-` __...-.``-._|'` _.-'|     Port: 6379
 |    `-._   `._    /     _.-'    |     PID: 1
  `-._    `-._  `-./  _.-'    _.-'                                   
 |`-._`-._    `-.__.-'    _.-'_.-'|                                  
 |    `-._`-._        _.-'_.-'    |           http://redis.io        
  `-._    `-._`-.__.-'_.-'    _.-'                                   
 |`-._`-._    `-.__.-'    _.-'_.-'|                                  
 |    `-._`-._        _.-'_.-'    |                                  
  `-._    `-._`-.__.-'_.-'    _.-'                                   
      `-._    `-.__.-'    _.-'                                       
          `-._        _.-'                                           
              `-.__.-'                                               

1:M 08 Jul 2021 17:31:59.473 # Server initialized
1:M 08 Jul 2021 17:31:59.476 # WARNING you have Transparent Huge Pages (THP) support enabled in your kernel. This will create latency and memory usage issues with Redis. To fix this issue run the command 'echo never > /sys/kernel/mm/transparent_hugepage/enabled' as root, and add it to your /etc/rc.local in order to retain the setting after a reboot. Redis must be restarted after THP is disabled.
1:M 08 Jul 2021 17:31:59.479 * DB loaded from disk: 0.002 seconds
1:M 08 Jul 2021 17:31:59.481 * Ready to accept connections
